<?xml version="1.0" encoding="UTF-8"?>
<testsuite name="TestSuite" time="0.606" tests="26" errors="0" skipped="0" failures="0">
  <properties>
[...]
</properties>
  <testcase name="configurationManagerTest" classname="com.kishore.confmanagement.core.tests.ConferenceManagerTest" time="0.142"/>
  <testcase name="proveNonSingletonConfigurationManagerTest" classname="com.kishore.confmanagement.core.tests.ConferenceManagerTest" time="0"/>
  <testcase name="resolvedConferenceScheduleStratgeyTest" classname="com.kishore.confmanagement.core.tests.ConferenceManagerTest" time="0"/>
  <testcase name="conferenceTalkCreationTest" classname="com.kishore.confmanagement.core.tests.vos.talks.ConferenceTalkTest" time="0.088"/>
  <testcase name="conferenceTalkEqualsTest" classname="com.kishore.confmanagement.core.tests.vos.talks.ConferenceTalkTest" time="0"/>
  <testcase name="conferenceTalkNotEqualsTest" classname="com.kishore.confmanagement.core.tests.vos.talks.ConferenceTalkTest" time="0"/>
  <testcase name="conferenceTalkScheduledStartTimeTest" classname="com.kishore.confmanagement.core.tests.vos.talks.ConferenceTalkTest" time="0"/>
  <testcase name="defaultNoConferenceTalkTest" classname="com.kishore.confmanagement.core.tests.vos.talks.ConferenceTalkTest" time="0"/>
  <testcase name="normalTalkScheduledTimeFlexibilityTest" classname="com.kishore.confmanagement.core.tests.vos.talks.ConferenceTalkTest" time="0"/>
  <testcase name="resolvedConferenceTalkDurationUnitTest" classname="com.kishore.confmanagement.core.tests.vos.talks.ConferenceTalkTest" time="0"/>
  <testcase name="specialNetworkingTalkTest" classname="com.kishore.confmanagement.core.tests.vos.talks.ConferenceTalkTest" time="0"/>
  <testcase name="conferenceTalkValidationExceedingMaxDurationTest" classname="com.kishore.confmanagement.core.tests.ConferenceTalkValidationTest" time="0.073"/>
  <testcase name="defaultConfigurationBuilderInstanceTest" classname="com.kishore.confmanagement.core.tests.ConfigurationBuilderTest" time="0"/>
  <testcase name="defaultConfigurationByDefaultConfigurationBuilderAPITest" classname="com.kishore.confmanagement.core.tests.ConfigurationBuilderTest" time="0"/>
  <testcase name="explicitConfigurationToConfigurationBuilderTest" classname="com.kishore.confmanagement.core.tests.ConfigurationBuilderTest" time="0"/>
  <testcase name="proveNonSingletonConfigurationInstanceByDefaultConfigurationBuilderTest" classname="com.kishore.confmanagement.core.tests.ConfigurationBuilderTest" time="0.003"/>
  <testcase name="conferenceSchedulingStrategyWithFirstInputTest" classname="com.kishore.confmanagement.extension.tests.defaultextensionimpl.FirstSchedulingStrategyTest" time="0.114"/>
  <testcase name="conferenceSchedulingStrategyWithFourthInputTest" classname="com.kishore.confmanagement.extension.tests.defaultextensionimpl.FirstSchedulingStrategyTest" time="0.08"/>
  <testcase name="conferenceSchedulingStrategyWithInputStreamTest" classname="com.kishore.confmanagement.extension.tests.defaultextensionimpl.FirstSchedulingStrategyTest" time="0.057"/>
  <testcase name="conferenceSchedulingStrategyWithSecondInputTest" classname="com.kishore.confmanagement.extension.tests.defaultextensionimpl.FirstSchedulingStrategyTest" time="0"/>
  <testcase name="conferenceSchedulingStrategyWithThirdInputTest" classname="com.kishore.confmanagement.extension.tests.defaultextensionimpl.FirstSchedulingStrategyTest" time="0.018"/>
  <testcase name="conferenceSchedulingStrategyWithXMLInputStreamTest" classname="com.kishore.confmanagement.extension.tests.defaultextensionimpl.FirstSchedulingStrategyTest" time="0.009"/>
  <testcase name="defaultTrackNotEmptySessionsTest" classname="com.kishore.confmanagement.core.tests.vos.tracks.TrackTest" time="0.022"/>
  <testcase name="defaultTrackShouldHaveConfiguredSessionsTest" classname="com.kishore.confmanagement.core.tests.vos.tracks.TrackTest" time="0"/>
  <testcase name="standardTrackCreation" classname="com.kishore.confmanagement.core.tests.vos.tracks.TrackTest" time="0"/>
  <testcase name="standardTrackCreationByFactory" classname="com.kishore.confmanagement.core.tests.vos.tracks.TrackTest" time="0"/>
</testsuite>