<?xml version="1.0" encoding="UTF-8"?>
<!-- Generated by org.testng.reporters.JUnitXMLReporter -->
<testsuite hostname="RAKISHOR-LAP1" name="Surefire test" tests="26" failures="0" timestamp="15 Oct 2016 10:02:00 GMT" time="0.708" errors="0">
  <testcase name="configurationManagerTest" time="0.2" classname="com.kishore.confmanagement.core.tests.ConferenceManagerTest"/>
  <testcase name="proveNonSingletonConfigurationManagerTest" time="0.0" classname="com.kishore.confmanagement.core.tests.ConferenceManagerTest"/>
  <testcase name="resolvedConferenceScheduleStratgeyTest" time="0.004" classname="com.kishore.confmanagement.core.tests.ConferenceManagerTest"/>
  <testcase name="conferenceTalkCreationTest" time="0.041" classname="com.kishore.confmanagement.core.tests.vos.talks.ConferenceTalkTest"/>
  <testcase name="conferenceTalkEqualsTest" time="0.0" classname="com.kishore.confmanagement.core.tests.vos.talks.ConferenceTalkTest"/>
  <testcase name="conferenceTalkNotEqualsTest" time="0.001" classname="com.kishore.confmanagement.core.tests.vos.talks.ConferenceTalkTest"/>
  <testcase name="conferenceTalkScheduledStartTimeTest" time="0.0" classname="com.kishore.confmanagement.core.tests.vos.talks.ConferenceTalkTest"/>
  <testcase name="defaultNoConferenceTalkTest" time="0.001" classname="com.kishore.confmanagement.core.tests.vos.talks.ConferenceTalkTest"/>
  <testcase name="normalTalkScheduledTimeFlexibilityTest" time="0.0" classname="com.kishore.confmanagement.core.tests.vos.talks.ConferenceTalkTest"/>
  <testcase name="resolvedConferenceTalkDurationUnitTest" time="0.001" classname="com.kishore.confmanagement.core.tests.vos.talks.ConferenceTalkTest"/>
  <testcase name="specialNetworkingTalkTest" time="0.0" classname="com.kishore.confmanagement.core.tests.vos.talks.ConferenceTalkTest"/>
  <testcase name="conferenceTalkValidationExceedingMaxDurationTest" time="0.112" classname="com.kishore.confmanagement.core.tests.ConferenceTalkValidationTest"/>
  <testcase name="defaultConfigurationBuilderInstanceTest" time="0.001" classname="com.kishore.confmanagement.core.tests.ConfigurationBuilderTest"/>
  <testcase name="defaultConfigurationByDefaultConfigurationBuilderAPITest" time="0.002" classname="com.kishore.confmanagement.core.tests.ConfigurationBuilderTest"/>
  <testcase name="explicitConfigurationToConfigurationBuilderTest" time="0.0" classname="com.kishore.confmanagement.core.tests.ConfigurationBuilderTest"/>
  <testcase name="proveNonSingletonConfigurationInstanceByDefaultConfigurationBuilderTest" time="0.0" classname="com.kishore.confmanagement.core.tests.ConfigurationBuilderTest"/>
  <testcase name="conferenceSchedulingStrategyWithFirstInputTest" time="0.112" classname="com.kishore.confmanagement.extension.tests.defaultextensionimpl.FirstSchedulingStrategyTest"/>
  <testcase name="conferenceSchedulingStrategyWithFourthInputTest" time="0.077" classname="com.kishore.confmanagement.extension.tests.defaultextensionimpl.FirstSchedulingStrategyTest"/>
  <testcase name="conferenceSchedulingStrategyWithInputStreamTest" time="0.053" classname="com.kishore.confmanagement.extension.tests.defaultextensionimpl.FirstSchedulingStrategyTest"/>
  <testcase name="conferenceSchedulingStrategyWithSecondInputTest" time="0.01" classname="com.kishore.confmanagement.extension.tests.defaultextensionimpl.FirstSchedulingStrategyTest"/>
  <testcase name="conferenceSchedulingStrategyWithThirdInputTest" time="0.01" classname="com.kishore.confmanagement.extension.tests.defaultextensionimpl.FirstSchedulingStrategyTest"/>
  <testcase name="conferenceSchedulingStrategyWithXMLInputStreamTest" time="0.016" classname="com.kishore.confmanagement.extension.tests.defaultextensionimpl.FirstSchedulingStrategyTest"/>
  <testcase name="defaultTrackNotEmptySessionsTest" time="0.004" classname="com.kishore.confmanagement.core.tests.vos.tracks.TrackTest"/>
  <testcase name="defaultTrackShouldHaveConfiguredSessionsTest" time="0.001" classname="com.kishore.confmanagement.core.tests.vos.tracks.TrackTest"/>
  <testcase name="standardTrackCreation" time="0.0" classname="com.kishore.confmanagement.core.tests.vos.tracks.TrackTest"/>
  <testcase name="standardTrackCreationByFactory" time="0.001" classname="com.kishore.confmanagement.core.tests.vos.tracks.TrackTest"/>
</testsuite> <!-- Surefire test -->
